<?xml version="1.0" encoding="UTF-8"?>
<!-- Generated by org.testng.reporters.JUnitXMLReporter -->
<testsuite hostname="LAPTOP-9R55L3GO" ignored="0" name="BankingProject" tests="2" failures="1" timestamp="2020-12-03T13:55:03 AEDT" time="64.202" errors="0">
  <testcase name="logindetails" time="4.909" classname="bankTestPackage.bankDemo"/>
  <testcase name="logindetails" time="4.264" classname="bankTestPackage.bankDemo">
    <failure type="java.lang.AssertionError" message="expected [Guru99 Bank Manager HomePage] but found [Guru99 Bank Home Page]">
      <![CDATA[java.lang.AssertionError: expected [Guru99 Bank Manager HomePage] but found [Guru99 Bank Home Page]
at bankingUI.LoginPage.loginDetails(LoginPage.java:68)
at bankTestPackage.bankDemo.logindetails(bankDemo.java:57)
at java.util.ArrayList.forEach(ArrayList.java:1259)
... Removed 36 stack frames]]>
    </failure>
  </testcase> <!-- logindetails -->
</testsuite> <!-- BankingProject -->
