<?xml version="1.0" encoding="UTF-8"?>
<testng-results skipped="0" failed="0" ignored="0" total="1" passed="1">
  <reporter-output>
  </reporter-output>
  <suite name="Suite" duration-ms="4252" started-at="2020-12-22T22:55:15 AEDT" finished-at="2020-12-22T22:55:19 AEDT">
    <groups>
    </groups>
    <test name="BankingProject" duration-ms="4252" started-at="2020-12-22T22:55:15 AEDT" finished-at="2020-12-22T22:55:19 AEDT">
      <class name="bankTestPackage.DB_Connect">
        <test-method status="PASS" signature="databaseconnect()[pri:0, instance:bankTestPackage.DB_Connect@14acaea5]" name="databaseconnect" duration-ms="3955" started-at="2020-12-22T22:55:15 AEDT" finished-at="2020-12-22T22:55:19 AEDT">
          <reporter-output>
          </reporter-output>
        </test-method> <!-- databaseconnect -->
      </class> <!-- bankTestPackage.DB_Connect -->
    </test> <!-- BankingProject -->
  </suite> <!-- Suite -->
</testng-results>
